<?xml version="1.0" encoding="UTF-8"?>
<testsuite xmlns:xsi="http://www.w3.org/2001/XMLSchema-instance" xsi:schemaLocation="https://maven.apache.org/surefire/maven-surefire-plugin/xsd/surefire-test-report.xsd" name="TestSuite" time="276.433" tests="14" errors="0" skipped="0" failures="0">
  <properties>
    <property name="java.runtime.name" value="Java(TM) SE Runtime Environment"/>
    <property name="java.vm.version" value="11.0.7+8-LTS"/>
    <property name="sun.boot.library.path" value="C:\Program Files\Java\jdk-11.0.7\bin"/>
    <property name="maven.multiModuleProjectDirectory" value="C:\Users\anith\Documents\busyqa\zombone\Jombone2021\branches\anitha"/>
    <property name="java.vm.vendor" value="Oracle Corporation"/>
    <property name="java.vendor.url" value="https://openjdk.java.net/"/>
    <property name="guice.disable.misplaced.annotation.check" value="true"/>
    <property name="path.separator" value=";"/>
    <property name="java.vm.name" value="Java HotSpot(TM) 64-Bit Server VM"/>
    <property name="sun.os.patch.level" value=""/>
    <property name="user.script" value=""/>
    <property name="user.country" value="CA"/>
    <property name="sun.java.launcher" value="SUN_STANDARD"/>
    <property name="java.vm.specification.name" value="Java Virtual Machine Specification"/>
    <property name="user.dir" value="C:\Users\anith\Documents\busyqa\zombone\Jombone2021\branches\anitha"/>
    <property name="java.vm.compressedOopsMode" value="32-bit"/>
    <property name="java.runtime.version" value="11.0.7+8-LTS"/>
    <property name="java.awt.graphicsenv" value="sun.awt.Win32GraphicsEnvironment"/>
    <property name="os.arch" value="amd64"/>
    <property name="java.io.tmpdir" value="C:\Users\anith\AppData\Local\Temp\"/>
    <property name="line.separator" value="&#10;"/>
    <property name="java.vm.specification.vendor" value="Oracle Corporation"/>
    <property name="user.variant" value=""/>
    <property name="os.name" value="Windows 10"/>
    <property name="classworlds.conf" value="C:\Users\anith\eclipse-workspace\.metadata\.plugins\org.eclipse.m2e.launching\launches\m2conf3184705060989481850.tmp"/>
    <property name="sun.jnu.encoding" value="Cp1252"/>
    <property name="java.library.path" value="C:\Program Files\Java\jdk-11.0.7\bin;C:\WINDOWS\Sun\Java\bin;C:\WINDOWS\system32;C:\WINDOWS;C:/Program Files/Java/jdk-11.0.7/bin/server;C:/Program Files/Java/jdk-11.0.7/bin;C:\oraclexe\app\oracle\product\11.2.0\server\bin;C:\WINDOWS\system32;C:\WINDOWS;C:\WINDOWS\System32\Wbem;C:\WINDOWS\System32\WindowsPowerShell\v1.0\;C:\WINDOWS\System32\OpenSSH\;C:\Program Files\Java\jdk-11.0.7\bin;C:\Program Files (x86)\IVI Foundation\VISA\WinNT\Bin;C:\apache-maven-3.6.3\bin;C:\Program Files\Git\cmd;C:\apache-maven-3.6.3\bin;C:\apache-maven-3.6.3\bin;C:\Program Files\Git\bin;C:\Program Files\TortoiseSVN\bin;C:\Program Files\MySQL\MySQL Shell 8.0\bin\;C:\Users\anith\AppData\Local\Microsoft\WindowsApps;;C:\Users\anith\Desktop;;."/>
    <property name="jdk.debug" value="release"/>
    <property name="java.class.version" value="55.0"/>
    <property name="java.specification.name" value="Java Platform API Specification"/>
    <property name="sun.management.compiler" value="HotSpot 64-Bit Tiered Compilers"/>
    <property name="os.version" value="10.0"/>
    <property name="user.home" value="C:\Users\anith"/>
    <property name="user.timezone" value="America/New_York"/>
    <property name="java.awt.printerjob" value="sun.awt.windows.WPrinterJob"/>
    <property name="file.encoding" value="Cp1252"/>
    <property name="java.specification.version" value="11"/>
    <property name="user.name" value="anith"/>
    <property name="java.class.path" value="C:\Users\anith\.p2\pool\plugins\org.eclipse.m2e.maven.runtime_1.10.0.20181127-2120\jars\plexus-classworlds-2.5.2.jar"/>
    <property name="java.vm.specification.version" value="11"/>
    <property name="sun.arch.data.model" value="64"/>
    <property name="sun.java.command" value="org.codehaus.plexus.classworlds.launcher.Launcher -B test"/>
    <property name="java.home" value="C:\Program Files\Java\jdk-11.0.7"/>
    <property name="user.language" value="en"/>
    <property name="java.specification.vendor" value="Oracle Corporation"/>
    <property name="awt.toolkit" value="sun.awt.windows.WToolkit"/>
    <property name="java.vm.info" value="mixed mode"/>
    <property name="java.version" value="11.0.7"/>
    <property name="java.vendor" value="Oracle Corporation"/>
    <property name="maven.home" value="C:\Users\anith\Documents\busyqa\zombone\Jombone2021\branches\anitha\EMBEDDED"/>
    <property name="file.separator" value="\"/>
    <property name="java.version.date" value="2020-04-14"/>
    <property name="java.vendor.url.bug" value="https://bugreport.java.com/bugreport/"/>
    <property name="sun.io.unicode.encoding" value="UnicodeLittle"/>
    <property name="sun.cpu.endian" value="little"/>
    <property name="java.vendor.version" value="18.9"/>
    <property name="sun.desktop" value="windows"/>
    <property name="sun.cpu.isalist" value="amd64"/>
  </properties>
  <testcase name="loginInvalidUsernameAndPassword" classname="com.testCases.JMB_CALogin_006" time="2.659"/>
  <testcase name="loginValidUsernameAndPassword" classname="com.testCases.JMB_CALogin_010" time="8.805"/>
  <testcase name="testFollowCompanyButtonScenario3" classname="com.testCases.JMB_DB_018" time="7.968"/>
  <testcase name="primaryContentIsDisplayed" classname="com.testCases.JMB_CALogin_009" time="1.955"/>
  <testcase name="testFollowCompanyButtonScenario2" classname="com.testCases.JMB_DB_017" time="7.75"/>
  <testcase name="clickOnForgotPasswordLink" classname="com.testCases.JMB_CALogin_008" time="2.769"/>
  <testcase name="testFollowCompanyButtonScenario1" classname="com.testCases.JMB_DB_016" time="7.81"/>
  <testcase name="clickOnSignUpLinktest" classname="com.testCases.JMB_CALogin_007" time="6.03"/>
  <testcase name="testJobLocationVisible" classname="com.testCases.JMB_DB_014" time="5.461"/>
  <testcase name="testCompanyLogo" classname="com.testCases.JMB_DB_015" time="11.315"/>
  <testcase name="testFirstJobTitleLink" classname="com.testCases.JMB_DB_012" time="6.883"/>
  <testcase name="testCompanyNameVisible" classname="com.testCases.JMB_DB_013" time="9.048"/>
  <testcase name="logouttest" classname="com.testCases.JMB_DB_010" time="6.235"/>
  <testcase name="testJomboneLink" classname="com.testCases.JMB_DB_011" time="8.444"/>
</testsuite>