<?xml version="1.0" encoding="UTF-8"?>
<!-- Generated by org.testng.reporters.JUnitReportReporter -->
<testsuite skipped="0" hostname="Jeyakanths-MacBook-Air.local" name="com.testCases.LoginTest" tests="1" failures="0" timestamp="2021-11-11T18:05:01 EST" time="3.686" errors="0">
  <testcase name="Logintest" time="3.686" classname="com.testCases.LoginTest"/>
  <system-out/>
</testsuite> <!-- com.testCases.LoginTest -->
