<?xml version="1.0" encoding="UTF-8"?>
<!-- Generated by org.testng.reporters.JUnitReportReporter -->
<testsuite skipped="0" hostname="DESKTOP-FTMUNKK" name="com.testCases.SearchTest_Candidate" tests="1" failures="0" timestamp="21 May 2021 18:00:41 GMT" time="8.185" errors="0">
  <testcase name="SearchTest" time="8.185" classname="com.testCases.SearchTest_Candidate"/>
</testsuite> <!-- com.testCases.SearchTest_Candidate -->
