<?xml version="1.0" encoding="UTF-8"?>
<!-- Generated by org.testng.reporters.JUnitReportReporter -->
<testsuite skipped="0" hostname="DESKTOP-FTMUNKK" name="com.testCases.LoginTest_Company_Excel" tests="1" failures="0" timestamp="17 May 2021 19:44:42 GMT" time="5.713" errors="0">
  <testcase name="Logintest" time="5.713" classname="com.testCases.LoginTest_Company_Excel"/>
</testsuite> <!-- com.testCases.LoginTest_Company_Excel -->
