<?xml version="1.0" encoding="UTF-8"?>
<!-- Generated by org.testng.reporters.JUnitReportReporter -->
<testsuite skipped="0" hostname="DESKTOP-FTMUNKK" name="com.testCases.userdir" tests="1" failures="0" timestamp="20 May 2021 21:14:13 GMT" time="0.008" errors="0">
  <testcase name="Logintest" time="0.008" classname="com.testCases.userdir"/>
</testsuite> <!-- com.testCases.userdir -->
