<?xml version="1.0" encoding="UTF-8"?>
<!-- Generated by org.testng.reporters.JUnitReportReporter -->
<<<<<<< HEAD
<testsuite skipped="0" hostname="DESKTOP-FTMUNKK" name="com.testCases.JMB_CALogin_009" tests="1" failures="0" timestamp="31 May 2021 14:16:36 GMT" time="2.201" errors="0">
  <testcase name="CompanyLoginTest" time="2.201" classname="com.testCases.JMB_CALogin_009"/>
=======
<testsuite hostname="DESKTOP-GM99TT4" failures="0" tests="1" name="com.testCases.JMB_CALogin_009" time="1.969" errors="0" timestamp="15 Apr 2021 20:27:44 GMT" skipped="0">
  <testcase classname="com.testCases.JMB_CALogin_009" name="primaryContentIsDisplayed" time="1.969"/>
>>>>>>> 2231b5e5cd26920324f0ea9983f18c3dbfc835cc
</testsuite> <!-- com.testCases.JMB_CALogin_009 -->
