<?xml version="1.0" encoding="UTF-8"?>
<!-- Generated by org.testng.reporters.JUnitReportReporter -->
<testsuite skipped="0" hostname="DESKTOP-FTMUNKK" name="com.testCases.LoginTest_Company_Excel_NegativeScenario" tests="1" failures="0" timestamp="12 May 2021 18:45:00 GMT" time="5.880" errors="0">
  <testcase name="Logintest" time="5.880" classname="com.testCases.LoginTest_Company_Excel_NegativeScenario"/>
</testsuite> <!-- com.testCases.LoginTest_Company_Excel_NegativeScenario -->
