<?xml version="1.0" encoding="UTF-8"?>
<!-- Generated by org.testng.reporters.JUnitReportReporter -->
<testsuite skipped="0" hostname="DESKTOP-FTMUNKK" name="com.testCases.LoginTest_Candidate_config" tests="1" failures="0" timestamp="17 May 2021 19:43:23 GMT" time="3.801" errors="0">
  <testcase name="Logintest" time="3.801" classname="com.testCases.LoginTest_Candidate_config"/>
</testsuite> <!-- com.testCases.LoginTest_Candidate_config -->
