<?xml version="1.0" encoding="UTF-8"?>
<!-- Generated by org.testng.reporters.JUnitReportReporter -->
<testsuite skipped="0" hostname="DESKTOP-FTMUNKK" name="com.testCases.LoginTest_Company" tests="1" failures="0" timestamp="11 May 2021 21:26:12 GMT" time="5.544" errors="0">
  <testcase name="Logintest" time="5.544" classname="com.testCases.LoginTest_Company"/>
</testsuite> <!-- com.testCases.LoginTest_Company -->
