<?xml version="1.0" encoding="UTF-8"?>
<!-- Generated by org.testng.reporters.JUnitReportReporter -->
<testsuite skipped="0" hostname="DESKTOP-FTMUNKK" name="com.testCases.JMB_CALogin_007" tests="1" failures="0" timestamp="31 May 2021 14:16:36 GMT" time="1.825" errors="0">
  <testcase name="SignUpLogintest" time="1.825" classname="com.testCases.JMB_CALogin_007"/>
</testsuite> <!-- com.testCases.JMB_CALogin_007 -->
