<?xml version="1.0" encoding="UTF-8"?>
<!-- Generated by org.testng.reporters.JUnitReportReporter -->
<testsuite skipped="0" hostname="DESKTOP-FTMUNKK" name="com.testCases.LoginTest_Candidate" tests="1" failures="0" timestamp="10 May 2021 20:23:02 GMT" time="4.492" errors="0">
  <testcase name="Logintest" time="4.492" classname="com.testCases.LoginTest_Candidate"/>
</testsuite> <!-- com.testCases.LoginTest_Candidate -->
