<?xml version="1.0" encoding="UTF-8"?>
<!-- Generated by org.testng.reporters.JUnitReportReporter -->
<testsuite skipped="0" hostname="DESKTOP-FTMUNKK" name="com.testCases.LoginTest_Company_config" tests="1" failures="0" timestamp="17 May 2021 19:44:23 GMT" time="4.632" errors="0">
  <testcase name="Logintest" time="4.632" classname="com.testCases.LoginTest_Company_config"/>
</testsuite> <!-- com.testCases.LoginTest_Company_config -->
