<?xml version="1.0" encoding="UTF-8"?>
<!-- Generated by org.testng.reporters.JUnitReportReporter -->
<testsuite skipped="0" hostname="DESKTOP-FTMUNKK" name="com.testCases.EditCandidateTeaser_MyProfile" tests="1" failures="0" timestamp="20 May 2021 22:03:37 GMT" time="14.589" errors="0">
  <testcase name="EditCandidateTeaser" time="14.589" classname="com.testCases.EditCandidateTeaser_MyProfile"/>
</testsuite> <!-- com.testCases.EditCandidateTeaser_MyProfile -->
