<?xml version="1.0" encoding="UTF-8"?>
<!-- Generated by org.testng.reporters.JUnitReportReporter -->
<testsuite skipped="0" hostname="DESKTOP-FTMUNKK" name="com.testCases.LoginTest_Candidate_config" tests="1" failures="0" timestamp="10 May 2021 19:33:10 GMT" time="3.690" errors="0">
  <testcase name="Logintest" time="3.690" classname="com.testCases.LoginTest_Candidate_config"/>
</testsuite> <!-- com.testCases.LoginTest_Candidate_config -->
