<?xml version="1.0" encoding="UTF-8"?>
<!-- Generated by org.testng.reporters.JUnitReportReporter -->
<testsuite skipped="0" hostname="DESKTOP-FTMUNKK" name="com.testCases.LoginTest_Candidate_Excel" tests="1" failures="0" timestamp="25 May 2021 18:22:00 GMT" time="5.216" errors="0">
  <testcase name="Logintest" time="5.216" classname="com.testCases.LoginTest_Candidate_Excel"/>
</testsuite> <!-- com.testCases.LoginTest_Candidate_Excel -->
