<?xml version="1.0" encoding="UTF-8"?>
<!-- Generated by org.testng.reporters.JUnitReportReporter -->
<testsuite skipped="0" hostname="DESKTOP-FTMUNKK" name="com.testCases.JMB_LP_001" tests="1" failures="0" timestamp="21 May 2021 20:38:51 GMT" time="3.591" errors="0">
  <testcase name="Logintest" time="3.591" classname="com.testCases.JMB_LP_001"/>
</testsuite> <!-- com.testCases.JMB_LP_001 -->
